The target system is: Generic -  - 
The host system is: Linux - 5.4.0-72-generic - x86_64
Compiling the C compiler identification source file "CMakeCCompilerId.c" succeeded.
Compiler: /home/kelee/Desktop/KendryteIDE/LocalPackage/toolchain/bin/riscv64-unknown-elf-gcc 
Build flags: ;-mcmodel=medany
Id flags:  

The output was:
0
/home/kelee/Desktop/KendryteIDE/LocalPackage/toolchain/bin/../lib/gcc/riscv64-unknown-elf/8.2.0/../../../../riscv64-unknown-elf/bin/ld: warning: cannot find entry symbol _start; defaulting to 00000000000100b0


Compilation of the C compiler identification source "CMakeCCompilerId.c" produced "a.out"

The C compiler identification is GNU, found in "/home/kelee/Desktop/k210-example/build/CMakeFiles/3.13.2/CompilerIdC/a.out"

Compiling the CXX compiler identification source file "CMakeCXXCompilerId.cpp" succeeded.
Compiler: /home/kelee/Desktop/KendryteIDE/LocalPackage/toolchain/bin/riscv64-unknown-elf-g++ 
Build flags: ;-mcmodel=medany
Id flags:  

The output was:
0
/home/kelee/Desktop/KendryteIDE/LocalPackage/toolchain/bin/../lib/gcc/riscv64-unknown-elf/8.2.0/../../../../riscv64-unknown-elf/bin/ld: warning: cannot find entry symbol _start; defaulting to 00000000000100b0


Compilation of the CXX compiler identification source "CMakeCXXCompilerId.cpp" produced "a.out"

The CXX compiler identification is GNU, found in "/home/kelee/Desktop/k210-example/build/CMakeFiles/3.13.2/CompilerIdCXX/a.out"

Detecting C compiler ABI info compiled with the following output:
Change Dir: /home/kelee/Desktop/k210-example/build/CMakeFiles/CMakeTmp

Run Build Command:"/home/kelee/Desktop/KendryteIDE/LocalPackage/toolchain/bin/make" "cmTC_5d8de/fast"
/home/kelee/Desktop/KendryteIDE/LocalPackage/toolchain/bin/make -f CMakeFiles/cmTC_5d8de.dir/build.make CMakeFiles/cmTC_5d8de.dir/build
make[1]: Entering directory '/home/kelee/Desktop/k210-example/build/CMakeFiles/CMakeTmp'
Building C object CMakeFiles/cmTC_5d8de.dir/CMakeCCompilerABI.c.obj
/home/kelee/Desktop/KendryteIDE/LocalPackage/toolchain/bin/riscv64-unknown-elf-gcc   -mcmodel=medany    -o CMakeFiles/cmTC_5d8de.dir/CMakeCCompilerABI.c.obj   -c /home/kelee/Desktop/KendryteIDE/LocalPackage/cmake/share/cmake-3.13/Modules/CMakeCCompilerABI.c
Linking C executable cmTC_5d8de
/home/kelee/Desktop/KendryteIDE/LocalPackage/cmake/bin/cmake -E cmake_link_script CMakeFiles/cmTC_5d8de.dir/link.txt --verbose=1
/home/kelee/Desktop/KendryteIDE/LocalPackage/toolchain/bin/riscv64-unknown-elf-gcc  -mcmodel=medany    -v CMakeFiles/cmTC_5d8de.dir/CMakeCCompilerABI.c.obj  -o cmTC_5d8de 
Using built-in specs.
COLLECT_GCC=/home/kelee/Desktop/KendryteIDE/LocalPackage/toolchain/bin/riscv64-unknown-elf-gcc
COLLECT_LTO_WRAPPER=/home/kelee/Desktop/KendryteIDE/LocalPackage/toolchain/bin/../libexec/gcc/riscv64-unknown-elf/8.2.0/lto-wrapper
Target: riscv64-unknown-elf
Configured with: /kendryte/riscv-gcc/configure --target=riscv64-unknown-elf --prefix=/opt/kendryte-toolchain --disable-shared --enable-threads=posix --enable-languages=c,c++ --enable-libatomic --without-system-zlib --enable-tls --with-newlib --with-sysroot=/opt/kendryte-toolchain/riscv64-unknown-elf --with-native-system-header-dir=/include --disable-libmudflap --disable-libssp --disable-libquadmath --disable-libgomp --disable-nls --src=.././riscv-gcc --enable-checking=yes --disable-multilib --with-abi=lp64f --with-arch=rv64imafc 'CFLAGS_FOR_TARGET=-Os -ffunction-sections -fdata-sections  -mcmodel=medany' 'CXXFLAGS_FOR_TARGET=-Os -ffunction-sections -fdata-sections -mcmodel=medany'
Thread model: posix
gcc version 8.2.0 (GCC) 
COMPILER_PATH=/home/kelee/Desktop/KendryteIDE/LocalPackage/toolchain/bin/../libexec/gcc/riscv64-unknown-elf/8.2.0/:/home/kelee/Desktop/KendryteIDE/LocalPackage/toolchain/bin/../libexec/gcc/:/home/kelee/Desktop/KendryteIDE/LocalPackage/toolchain/bin/../lib/gcc/riscv64-unknown-elf/8.2.0/../../../../riscv64-unknown-elf/bin/
LIBRARY_PATH=/home/kelee/Desktop/KendryteIDE/LocalPackage/toolchain/bin/../lib/gcc/riscv64-unknown-elf/8.2.0/:/home/kelee/Desktop/KendryteIDE/LocalPackage/toolchain/bin/../lib/gcc/:/home/kelee/Desktop/KendryteIDE/LocalPackage/toolchain/bin/../lib/gcc/riscv64-unknown-elf/8.2.0/../../../../riscv64-unknown-elf/lib/:/home/kelee/Desktop/KendryteIDE/LocalPackage/toolchain/bin/../riscv64-unknown-elf/lib/
COLLECT_GCC_OPTIONS='-mcmodel=medany' '-v' '-o' 'cmTC_5d8de' '-march=rv64imafc' '-mabi=lp64f'
 /home/kelee/Desktop/KendryteIDE/LocalPackage/toolchain/bin/../libexec/gcc/riscv64-unknown-elf/8.2.0/collect2 --sysroot=/home/kelee/Desktop/KendryteIDE/LocalPackage/toolchain/bin/../riscv64-unknown-elf -melf64lriscv -o cmTC_5d8de /home/kelee/Desktop/KendryteIDE/LocalPackage/toolchain/bin/../lib/gcc/riscv64-unknown-elf/8.2.0/../../../../riscv64-unknown-elf/lib/crt0.o /home/kelee/Desktop/KendryteIDE/LocalPackage/toolchain/bin/../lib/gcc/riscv64-unknown-elf/8.2.0/crtbegin.o -L/home/kelee/Desktop/KendryteIDE/LocalPackage/toolchain/bin/../lib/gcc/riscv64-unknown-elf/8.2.0 -L/home/kelee/Desktop/KendryteIDE/LocalPackage/toolchain/bin/../lib/gcc -L/home/kelee/Desktop/KendryteIDE/LocalPackage/toolchain/bin/../lib/gcc/riscv64-unknown-elf/8.2.0/../../../../riscv64-unknown-elf/lib -L/home/kelee/Desktop/KendryteIDE/LocalPackage/toolchain/bin/../riscv64-unknown-elf/lib CMakeFiles/cmTC_5d8de.dir/CMakeCCompilerABI.c.obj -lgcc --start-group -lc -lgloss --end-group -lgcc /home/kelee/Desktop/KendryteIDE/LocalPackage/toolchain/bin/../lib/gcc/riscv64-unknown-elf/8.2.0/crtend.o
/home/kelee/Desktop/KendryteIDE/LocalPackage/toolchain/bin/../lib/gcc/riscv64-unknown-elf/8.2.0/../../../../riscv64-unknown-elf/bin/ld: warning: cannot find entry symbol _start; defaulting to 00000000000100b0
COLLECT_GCC_OPTIONS='-mcmodel=medany' '-v' '-o' 'cmTC_5d8de' '-march=rv64imafc' '-mabi=lp64f'
make[1]: Leaving directory '/home/kelee/Desktop/k210-example/build/CMakeFiles/CMakeTmp'


Parsed C implicit link information from above output:
  link line regex: [^( *|.*[/\])(riscv64-unknown-elf-ld|CMAKE_LINK_STARTFILE-NOTFOUND|([^/\]+-)?ld|collect2)[^/\]*( |$)]
  ignore line: [Change Dir: /home/kelee/Desktop/k210-example/build/CMakeFiles/CMakeTmp]
  ignore line: []
  ignore line: [Run Build Command:"/home/kelee/Desktop/KendryteIDE/LocalPackage/toolchain/bin/make" "cmTC_5d8de/fast"]
  ignore line: [/home/kelee/Desktop/KendryteIDE/LocalPackage/toolchain/bin/make -f CMakeFiles/cmTC_5d8de.dir/build.make CMakeFiles/cmTC_5d8de.dir/build]
  ignore line: [make[1]: Entering directory '/home/kelee/Desktop/k210-example/build/CMakeFiles/CMakeTmp']
  ignore line: [Building C object CMakeFiles/cmTC_5d8de.dir/CMakeCCompilerABI.c.obj]
  ignore line: [/home/kelee/Desktop/KendryteIDE/LocalPackage/toolchain/bin/riscv64-unknown-elf-gcc   -mcmodel=medany    -o CMakeFiles/cmTC_5d8de.dir/CMakeCCompilerABI.c.obj   -c /home/kelee/Desktop/KendryteIDE/LocalPackage/cmake/share/cmake-3.13/Modules/CMakeCCompilerABI.c]
  ignore line: [Linking C executable cmTC_5d8de]
  ignore line: [/home/kelee/Desktop/KendryteIDE/LocalPackage/cmake/bin/cmake -E cmake_link_script CMakeFiles/cmTC_5d8de.dir/link.txt --verbose=1]
  ignore line: [/home/kelee/Desktop/KendryteIDE/LocalPackage/toolchain/bin/riscv64-unknown-elf-gcc  -mcmodel=medany    -v CMakeFiles/cmTC_5d8de.dir/CMakeCCompilerABI.c.obj  -o cmTC_5d8de ]
  ignore line: [Using built-in specs.]
  ignore line: [COLLECT_GCC=/home/kelee/Desktop/KendryteIDE/LocalPackage/toolchain/bin/riscv64-unknown-elf-gcc]
  ignore line: [COLLECT_LTO_WRAPPER=/home/kelee/Desktop/KendryteIDE/LocalPackage/toolchain/bin/../libexec/gcc/riscv64-unknown-elf/8.2.0/lto-wrapper]
  ignore line: [Target: riscv64-unknown-elf]
  ignore line: [Configured with: /kendryte/riscv-gcc/configure --target=riscv64-unknown-elf --prefix=/opt/kendryte-toolchain --disable-shared --enable-threads=posix --enable-languages=c,c++ --enable-libatomic --without-system-zlib --enable-tls --with-newlib --with-sysroot=/opt/kendryte-toolchain/riscv64-unknown-elf --with-native-system-header-dir=/include --disable-libmudflap --disable-libssp --disable-libquadmath --disable-libgomp --disable-nls --src=.././riscv-gcc --enable-checking=yes --disable-multilib --with-abi=lp64f --with-arch=rv64imafc 'CFLAGS_FOR_TARGET=-Os -ffunction-sections -fdata-sections  -mcmodel=medany' 'CXXFLAGS_FOR_TARGET=-Os -ffunction-sections -fdata-sections -mcmodel=medany']
  ignore line: [Thread model: posix]
  ignore line: [gcc version 8.2.0 (GCC) ]
  ignore line: [COMPILER_PATH=/home/kelee/Desktop/KendryteIDE/LocalPackage/toolchain/bin/../libexec/gcc/riscv64-unknown-elf/8.2.0/:/home/kelee/Desktop/KendryteIDE/LocalPackage/toolchain/bin/../libexec/gcc/:/home/kelee/Desktop/KendryteIDE/LocalPackage/toolchain/bin/../lib/gcc/riscv64-unknown-elf/8.2.0/../../../../riscv64-unknown-elf/bin/]
  ignore line: [LIBRARY_PATH=/home/kelee/Desktop/KendryteIDE/LocalPackage/toolchain/bin/../lib/gcc/riscv64-unknown-elf/8.2.0/:/home/kelee/Desktop/KendryteIDE/LocalPackage/toolchain/bin/../lib/gcc/:/home/kelee/Desktop/KendryteIDE/LocalPackage/toolchain/bin/../lib/gcc/riscv64-unknown-elf/8.2.0/../../../../riscv64-unknown-elf/lib/:/home/kelee/Desktop/KendryteIDE/LocalPackage/toolchain/bin/../riscv64-unknown-elf/lib/]
  ignore line: [COLLECT_GCC_OPTIONS='-mcmodel=medany' '-v' '-o' 'cmTC_5d8de' '-march=rv64imafc' '-mabi=lp64f']
  link line: [ /home/kelee/Desktop/KendryteIDE/LocalPackage/toolchain/bin/../libexec/gcc/riscv64-unknown-elf/8.2.0/collect2 --sysroot=/home/kelee/Desktop/KendryteIDE/LocalPackage/toolchain/bin/../riscv64-unknown-elf -melf64lriscv -o cmTC_5d8de /home/kelee/Desktop/KendryteIDE/LocalPackage/toolchain/bin/../lib/gcc/riscv64-unknown-elf/8.2.0/../../../../riscv64-unknown-elf/lib/crt0.o /home/kelee/Desktop/KendryteIDE/LocalPackage/toolchain/bin/../lib/gcc/riscv64-unknown-elf/8.2.0/crtbegin.o -L/home/kelee/Desktop/KendryteIDE/LocalPackage/toolchain/bin/../lib/gcc/riscv64-unknown-elf/8.2.0 -L/home/kelee/Desktop/KendryteIDE/LocalPackage/toolchain/bin/../lib/gcc -L/home/kelee/Desktop/KendryteIDE/LocalPackage/toolchain/bin/../lib/gcc/riscv64-unknown-elf/8.2.0/../../../../riscv64-unknown-elf/lib -L/home/kelee/Desktop/KendryteIDE/LocalPackage/toolchain/bin/../riscv64-unknown-elf/lib CMakeFiles/cmTC_5d8de.dir/CMakeCCompilerABI.c.obj -lgcc --start-group -lc -lgloss --end-group -lgcc /home/kelee/Desktop/KendryteIDE/LocalPackage/toolchain/bin/../lib/gcc/riscv64-unknown-elf/8.2.0/crtend.o]
    arg [/home/kelee/Desktop/KendryteIDE/LocalPackage/toolchain/bin/../libexec/gcc/riscv64-unknown-elf/8.2.0/collect2] ==> ignore
    arg [--sysroot=/home/kelee/Desktop/KendryteIDE/LocalPackage/toolchain/bin/../riscv64-unknown-elf] ==> ignore
    arg [-melf64lriscv] ==> ignore
    arg [-o] ==> ignore
    arg [cmTC_5d8de] ==> ignore
    arg [/home/kelee/Desktop/KendryteIDE/LocalPackage/toolchain/bin/../lib/gcc/riscv64-unknown-elf/8.2.0/../../../../riscv64-unknown-elf/lib/crt0.o] ==> ignore
    arg [/home/kelee/Desktop/KendryteIDE/LocalPackage/toolchain/bin/../lib/gcc/riscv64-unknown-elf/8.2.0/crtbegin.o] ==> ignore
    arg [-L/home/kelee/Desktop/KendryteIDE/LocalPackage/toolchain/bin/../lib/gcc/riscv64-unknown-elf/8.2.0] ==> dir [/home/kelee/Desktop/KendryteIDE/LocalPackage/toolchain/bin/../lib/gcc/riscv64-unknown-elf/8.2.0]
    arg [-L/home/kelee/Desktop/KendryteIDE/LocalPackage/toolchain/bin/../lib/gcc] ==> dir [/home/kelee/Desktop/KendryteIDE/LocalPackage/toolchain/bin/../lib/gcc]
    arg [-L/home/kelee/Desktop/KendryteIDE/LocalPackage/toolchain/bin/../lib/gcc/riscv64-unknown-elf/8.2.0/../../../../riscv64-unknown-elf/lib] ==> dir [/home/kelee/Desktop/KendryteIDE/LocalPackage/toolchain/bin/../lib/gcc/riscv64-unknown-elf/8.2.0/../../../../riscv64-unknown-elf/lib]
    arg [-L/home/kelee/Desktop/KendryteIDE/LocalPackage/toolchain/bin/../riscv64-unknown-elf/lib] ==> dir [/home/kelee/Desktop/KendryteIDE/LocalPackage/toolchain/bin/../riscv64-unknown-elf/lib]
    arg [CMakeFiles/cmTC_5d8de.dir/CMakeCCompilerABI.c.obj] ==> ignore
    arg [-lgcc] ==> lib [gcc]
    arg [--start-group] ==> ignore
    arg [-lc] ==> lib [c]
    arg [-lgloss] ==> lib [gloss]
    arg [--end-group] ==> ignore
    arg [-lgcc] ==> lib [gcc]
    arg [/home/kelee/Desktop/KendryteIDE/LocalPackage/toolchain/bin/../lib/gcc/riscv64-unknown-elf/8.2.0/crtend.o] ==> ignore
  collapse library dir [/home/kelee/Desktop/KendryteIDE/LocalPackage/toolchain/bin/../lib/gcc/riscv64-unknown-elf/8.2.0] ==> [/home/kelee/Desktop/KendryteIDE/LocalPackage/toolchain/lib/gcc/riscv64-unknown-elf/8.2.0]
  collapse library dir [/home/kelee/Desktop/KendryteIDE/LocalPackage/toolchain/bin/../lib/gcc] ==> [/home/kelee/Desktop/KendryteIDE/LocalPackage/toolchain/lib/gcc]
  collapse library dir [/home/kelee/Desktop/KendryteIDE/LocalPackage/toolchain/bin/../lib/gcc/riscv64-unknown-elf/8.2.0/../../../../riscv64-unknown-elf/lib] ==> [/home/kelee/Desktop/KendryteIDE/LocalPackage/toolchain/riscv64-unknown-elf/lib]
  collapse library dir [/home/kelee/Desktop/KendryteIDE/LocalPackage/toolchain/bin/../riscv64-unknown-elf/lib] ==> [/home/kelee/Desktop/KendryteIDE/LocalPackage/toolchain/riscv64-unknown-elf/lib]
  implicit libs: [gcc;c;gloss;gcc]
  implicit dirs: [/home/kelee/Desktop/KendryteIDE/LocalPackage/toolchain/lib/gcc/riscv64-unknown-elf/8.2.0;/home/kelee/Desktop/KendryteIDE/LocalPackage/toolchain/lib/gcc;/home/kelee/Desktop/KendryteIDE/LocalPackage/toolchain/riscv64-unknown-elf/lib]
  implicit fwks: []




Detecting C [-std=c11] compiler features compiled with the following output:
Change Dir: /home/kelee/Desktop/k210-example/build/CMakeFiles/CMakeTmp

Run Build Command:"/home/kelee/Desktop/KendryteIDE/LocalPackage/toolchain/bin/make" "cmTC_a86cd/fast"
/home/kelee/Desktop/KendryteIDE/LocalPackage/toolchain/bin/make -f CMakeFiles/cmTC_a86cd.dir/build.make CMakeFiles/cmTC_a86cd.dir/build
make[1]: Entering directory '/home/kelee/Desktop/k210-example/build/CMakeFiles/CMakeTmp'
Building C object CMakeFiles/cmTC_a86cd.dir/feature_tests.c.obj
/home/kelee/Desktop/KendryteIDE/LocalPackage/toolchain/bin/riscv64-unknown-elf-gcc   -mcmodel=medany    -std=c11 -o CMakeFiles/cmTC_a86cd.dir/feature_tests.c.obj   -c /home/kelee/Desktop/k210-example/build/CMakeFiles/feature_tests.c
Linking C executable cmTC_a86cd
/home/kelee/Desktop/KendryteIDE/LocalPackage/cmake/bin/cmake -E cmake_link_script CMakeFiles/cmTC_a86cd.dir/link.txt --verbose=1
/home/kelee/Desktop/KendryteIDE/LocalPackage/toolchain/bin/riscv64-unknown-elf-gcc  -mcmodel=medany     CMakeFiles/cmTC_a86cd.dir/feature_tests.c.obj  -o cmTC_a86cd 
/home/kelee/Desktop/KendryteIDE/LocalPackage/toolchain/bin/../lib/gcc/riscv64-unknown-elf/8.2.0/../../../../riscv64-unknown-elf/bin/ld: warning: cannot find entry symbol _start; defaulting to 00000000000100b0
make[1]: Leaving directory '/home/kelee/Desktop/k210-example/build/CMakeFiles/CMakeTmp'


    Feature record: C_FEATURE:1c_function_prototypes
    Feature record: C_FEATURE:1c_restrict
    Feature record: C_FEATURE:1c_static_assert
    Feature record: C_FEATURE:1c_variadic_macros


Detecting C [-std=c99] compiler features compiled with the following output:
Change Dir: /home/kelee/Desktop/k210-example/build/CMakeFiles/CMakeTmp

Run Build Command:"/home/kelee/Desktop/KendryteIDE/LocalPackage/toolchain/bin/make" "cmTC_ec175/fast"
/home/kelee/Desktop/KendryteIDE/LocalPackage/toolchain/bin/make -f CMakeFiles/cmTC_ec175.dir/build.make CMakeFiles/cmTC_ec175.dir/build
make[1]: Entering directory '/home/kelee/Desktop/k210-example/build/CMakeFiles/CMakeTmp'
Building C object CMakeFiles/cmTC_ec175.dir/feature_tests.c.obj
/home/kelee/Desktop/KendryteIDE/LocalPackage/toolchain/bin/riscv64-unknown-elf-gcc   -mcmodel=medany    -std=c99 -o CMakeFiles/cmTC_ec175.dir/feature_tests.c.obj   -c /home/kelee/Desktop/k210-example/build/CMakeFiles/feature_tests.c
Linking C executable cmTC_ec175
/home/kelee/Desktop/KendryteIDE/LocalPackage/cmake/bin/cmake -E cmake_link_script CMakeFiles/cmTC_ec175.dir/link.txt --verbose=1
/home/kelee/Desktop/KendryteIDE/LocalPackage/toolchain/bin/riscv64-unknown-elf-gcc  -mcmodel=medany     CMakeFiles/cmTC_ec175.dir/feature_tests.c.obj  -o cmTC_ec175 
/home/kelee/Desktop/KendryteIDE/LocalPackage/toolchain/bin/../lib/gcc/riscv64-unknown-elf/8.2.0/../../../../riscv64-unknown-elf/bin/ld: warning: cannot find entry symbol _start; defaulting to 00000000000100b0
make[1]: Leaving directory '/home/kelee/Desktop/k210-example/build/CMakeFiles/CMakeTmp'


    Feature record: C_FEATURE:1c_function_prototypes
    Feature record: C_FEATURE:1c_restrict
    Feature record: C_FEATURE:0c_static_assert
    Feature record: C_FEATURE:1c_variadic_macros


Detecting C [-std=c90] compiler features compiled with the following output:
Change Dir: /home/kelee/Desktop/k210-example/build/CMakeFiles/CMakeTmp

Run Build Command:"/home/kelee/Desktop/KendryteIDE/LocalPackage/toolchain/bin/make" "cmTC_b4df8/fast"
/home/kelee/Desktop/KendryteIDE/LocalPackage/toolchain/bin/make -f CMakeFiles/cmTC_b4df8.dir/build.make CMakeFiles/cmTC_b4df8.dir/build
make[1]: Entering directory '/home/kelee/Desktop/k210-example/build/CMakeFiles/CMakeTmp'
Building C object CMakeFiles/cmTC_b4df8.dir/feature_tests.c.obj
/home/kelee/Desktop/KendryteIDE/LocalPackage/toolchain/bin/riscv64-unknown-elf-gcc   -mcmodel=medany    -std=c90 -o CMakeFiles/cmTC_b4df8.dir/feature_tests.c.obj   -c /home/kelee/Desktop/k210-example/build/CMakeFiles/feature_tests.c
Linking C executable cmTC_b4df8
/home/kelee/Desktop/KendryteIDE/LocalPackage/cmake/bin/cmake -E cmake_link_script CMakeFiles/cmTC_b4df8.dir/link.txt --verbose=1
/home/kelee/Desktop/KendryteIDE/LocalPackage/toolchain/bin/riscv64-unknown-elf-gcc  -mcmodel=medany     CMakeFiles/cmTC_b4df8.dir/feature_tests.c.obj  -o cmTC_b4df8 
/home/kelee/Desktop/KendryteIDE/LocalPackage/toolchain/bin/../lib/gcc/riscv64-unknown-elf/8.2.0/../../../../riscv64-unknown-elf/bin/ld: warning: cannot find entry symbol _start; defaulting to 00000000000100b0
make[1]: Leaving directory '/home/kelee/Desktop/k210-example/build/CMakeFiles/CMakeTmp'


    Feature record: C_FEATURE:1c_function_prototypes
    Feature record: C_FEATURE:0c_restrict
    Feature record: C_FEATURE:0c_static_assert
    Feature record: C_FEATURE:0c_variadic_macros
Detecting CXX compiler ABI info compiled with the following output:
Change Dir: /home/kelee/Desktop/k210-example/build/CMakeFiles/CMakeTmp

Run Build Command:"/home/kelee/Desktop/KendryteIDE/LocalPackage/toolchain/bin/make" "cmTC_b63a0/fast"
/home/kelee/Desktop/KendryteIDE/LocalPackage/toolchain/bin/make -f CMakeFiles/cmTC_b63a0.dir/build.make CMakeFiles/cmTC_b63a0.dir/build
make[1]: Entering directory '/home/kelee/Desktop/k210-example/build/CMakeFiles/CMakeTmp'
Building CXX object CMakeFiles/cmTC_b63a0.dir/CMakeCXXCompilerABI.cpp.obj
/home/kelee/Desktop/KendryteIDE/LocalPackage/toolchain/bin/riscv64-unknown-elf-g++    -mcmodel=medany    -o CMakeFiles/cmTC_b63a0.dir/CMakeCXXCompilerABI.cpp.obj -c /home/kelee/Desktop/KendryteIDE/LocalPackage/cmake/share/cmake-3.13/Modules/CMakeCXXCompilerABI.cpp
Linking CXX executable cmTC_b63a0
/home/kelee/Desktop/KendryteIDE/LocalPackage/cmake/bin/cmake -E cmake_link_script CMakeFiles/cmTC_b63a0.dir/link.txt --verbose=1
/home/kelee/Desktop/KendryteIDE/LocalPackage/toolchain/bin/riscv64-unknown-elf-g++   -mcmodel=medany    -v CMakeFiles/cmTC_b63a0.dir/CMakeCXXCompilerABI.cpp.obj  -o cmTC_b63a0 
Using built-in specs.
COLLECT_GCC=/home/kelee/Desktop/KendryteIDE/LocalPackage/toolchain/bin/riscv64-unknown-elf-g++
COLLECT_LTO_WRAPPER=/home/kelee/Desktop/KendryteIDE/LocalPackage/toolchain/bin/../libexec/gcc/riscv64-unknown-elf/8.2.0/lto-wrapper
Target: riscv64-unknown-elf
Configured with: /kendryte/riscv-gcc/configure --target=riscv64-unknown-elf --prefix=/opt/kendryte-toolchain --disable-shared --enable-threads=posix --enable-languages=c,c++ --enable-libatomic --without-system-zlib --enable-tls --with-newlib --with-sysroot=/opt/kendryte-toolchain/riscv64-unknown-elf --with-native-system-header-dir=/include --disable-libmudflap --disable-libssp --disable-libquadmath --disable-libgomp --disable-nls --src=.././riscv-gcc --enable-checking=yes --disable-multilib --with-abi=lp64f --with-arch=rv64imafc 'CFLAGS_FOR_TARGET=-Os -ffunction-sections -fdata-sections  -mcmodel=medany' 'CXXFLAGS_FOR_TARGET=-Os -ffunction-sections -fdata-sections -mcmodel=medany'
Thread model: posix
gcc version 8.2.0 (GCC) 
COMPILER_PATH=/home/kelee/Desktop/KendryteIDE/LocalPackage/toolchain/bin/../libexec/gcc/riscv64-unknown-elf/8.2.0/:/home/kelee/Desktop/KendryteIDE/LocalPackage/toolchain/bin/../libexec/gcc/:/home/kelee/Desktop/KendryteIDE/LocalPackage/toolchain/bin/../lib/gcc/riscv64-unknown-elf/8.2.0/../../../../riscv64-unknown-elf/bin/
LIBRARY_PATH=/home/kelee/Desktop/KendryteIDE/LocalPackage/toolchain/bin/../lib/gcc/riscv64-unknown-elf/8.2.0/:/home/kelee/Desktop/KendryteIDE/LocalPackage/toolchain/bin/../lib/gcc/:/home/kelee/Desktop/KendryteIDE/LocalPackage/toolchain/bin/../lib/gcc/riscv64-unknown-elf/8.2.0/../../../../riscv64-unknown-elf/lib/:/home/kelee/Desktop/KendryteIDE/LocalPackage/toolchain/bin/../riscv64-unknown-elf/lib/
COLLECT_GCC_OPTIONS='-mcmodel=medany' '-v' '-o' 'cmTC_b63a0' '-march=rv64imafc' '-mabi=lp64f'
 /home/kelee/Desktop/KendryteIDE/LocalPackage/toolchain/bin/../libexec/gcc/riscv64-unknown-elf/8.2.0/collect2 --sysroot=/home/kelee/Desktop/KendryteIDE/LocalPackage/toolchain/bin/../riscv64-unknown-elf -melf64lriscv -o cmTC_b63a0 /home/kelee/Desktop/KendryteIDE/LocalPackage/toolchain/bin/../lib/gcc/riscv64-unknown-elf/8.2.0/../../../../riscv64-unknown-elf/lib/crt0.o /home/kelee/Desktop/KendryteIDE/LocalPackage/toolchain/bin/../lib/gcc/riscv64-unknown-elf/8.2.0/crtbegin.o -L/home/kelee/Desktop/KendryteIDE/LocalPackage/toolchain/bin/../lib/gcc/riscv64-unknown-elf/8.2.0 -L/home/kelee/Desktop/KendryteIDE/LocalPackage/toolchain/bin/../lib/gcc -L/home/kelee/Desktop/KendryteIDE/LocalPackage/toolchain/bin/../lib/gcc/riscv64-unknown-elf/8.2.0/../../../../riscv64-unknown-elf/lib -L/home/kelee/Desktop/KendryteIDE/LocalPackage/toolchain/bin/../riscv64-unknown-elf/lib CMakeFiles/cmTC_b63a0.dir/CMakeCXXCompilerABI.cpp.obj -lstdc++ -lm -lgcc --start-group -lc -lgloss --end-group -lgcc /home/kelee/Desktop/KendryteIDE/LocalPackage/toolchain/bin/../lib/gcc/riscv64-unknown-elf/8.2.0/crtend.o
/home/kelee/Desktop/KendryteIDE/LocalPackage/toolchain/bin/../lib/gcc/riscv64-unknown-elf/8.2.0/../../../../riscv64-unknown-elf/bin/ld: warning: cannot find entry symbol _start; defaulting to 00000000000100b0
COLLECT_GCC_OPTIONS='-mcmodel=medany' '-v' '-o' 'cmTC_b63a0' '-march=rv64imafc' '-mabi=lp64f'
make[1]: Leaving directory '/home/kelee/Desktop/k210-example/build/CMakeFiles/CMakeTmp'


Parsed CXX implicit link information from above output:
  link line regex: [^( *|.*[/\])(riscv64-unknown-elf-ld|CMAKE_LINK_STARTFILE-NOTFOUND|([^/\]+-)?ld|collect2)[^/\]*( |$)]
  ignore line: [Change Dir: /home/kelee/Desktop/k210-example/build/CMakeFiles/CMakeTmp]
  ignore line: []
  ignore line: [Run Build Command:"/home/kelee/Desktop/KendryteIDE/LocalPackage/toolchain/bin/make" "cmTC_b63a0/fast"]
  ignore line: [/home/kelee/Desktop/KendryteIDE/LocalPackage/toolchain/bin/make -f CMakeFiles/cmTC_b63a0.dir/build.make CMakeFiles/cmTC_b63a0.dir/build]
  ignore line: [make[1]: Entering directory '/home/kelee/Desktop/k210-example/build/CMakeFiles/CMakeTmp']
  ignore line: [Building CXX object CMakeFiles/cmTC_b63a0.dir/CMakeCXXCompilerABI.cpp.obj]
  ignore line: [/home/kelee/Desktop/KendryteIDE/LocalPackage/toolchain/bin/riscv64-unknown-elf-g++    -mcmodel=medany    -o CMakeFiles/cmTC_b63a0.dir/CMakeCXXCompilerABI.cpp.obj -c /home/kelee/Desktop/KendryteIDE/LocalPackage/cmake/share/cmake-3.13/Modules/CMakeCXXCompilerABI.cpp]
  ignore line: [Linking CXX executable cmTC_b63a0]
  ignore line: [/home/kelee/Desktop/KendryteIDE/LocalPackage/cmake/bin/cmake -E cmake_link_script CMakeFiles/cmTC_b63a0.dir/link.txt --verbose=1]
  ignore line: [/home/kelee/Desktop/KendryteIDE/LocalPackage/toolchain/bin/riscv64-unknown-elf-g++   -mcmodel=medany    -v CMakeFiles/cmTC_b63a0.dir/CMakeCXXCompilerABI.cpp.obj  -o cmTC_b63a0 ]
  ignore line: [Using built-in specs.]
  ignore line: [COLLECT_GCC=/home/kelee/Desktop/KendryteIDE/LocalPackage/toolchain/bin/riscv64-unknown-elf-g++]
  ignore line: [COLLECT_LTO_WRAPPER=/home/kelee/Desktop/KendryteIDE/LocalPackage/toolchain/bin/../libexec/gcc/riscv64-unknown-elf/8.2.0/lto-wrapper]
  ignore line: [Target: riscv64-unknown-elf]
  ignore line: [Configured with: /kendryte/riscv-gcc/configure --target=riscv64-unknown-elf --prefix=/opt/kendryte-toolchain --disable-shared --enable-threads=posix --enable-languages=c,c++ --enable-libatomic --without-system-zlib --enable-tls --with-newlib --with-sysroot=/opt/kendryte-toolchain/riscv64-unknown-elf --with-native-system-header-dir=/include --disable-libmudflap --disable-libssp --disable-libquadmath --disable-libgomp --disable-nls --src=.././riscv-gcc --enable-checking=yes --disable-multilib --with-abi=lp64f --with-arch=rv64imafc 'CFLAGS_FOR_TARGET=-Os -ffunction-sections -fdata-sections  -mcmodel=medany' 'CXXFLAGS_FOR_TARGET=-Os -ffunction-sections -fdata-sections -mcmodel=medany']
  ignore line: [Thread model: posix]
  ignore line: [gcc version 8.2.0 (GCC) ]
  ignore line: [COMPILER_PATH=/home/kelee/Desktop/KendryteIDE/LocalPackage/toolchain/bin/../libexec/gcc/riscv64-unknown-elf/8.2.0/:/home/kelee/Desktop/KendryteIDE/LocalPackage/toolchain/bin/../libexec/gcc/:/home/kelee/Desktop/KendryteIDE/LocalPackage/toolchain/bin/../lib/gcc/riscv64-unknown-elf/8.2.0/../../../../riscv64-unknown-elf/bin/]
  ignore line: [LIBRARY_PATH=/home/kelee/Desktop/KendryteIDE/LocalPackage/toolchain/bin/../lib/gcc/riscv64-unknown-elf/8.2.0/:/home/kelee/Desktop/KendryteIDE/LocalPackage/toolchain/bin/../lib/gcc/:/home/kelee/Desktop/KendryteIDE/LocalPackage/toolchain/bin/../lib/gcc/riscv64-unknown-elf/8.2.0/../../../../riscv64-unknown-elf/lib/:/home/kelee/Desktop/KendryteIDE/LocalPackage/toolchain/bin/../riscv64-unknown-elf/lib/]
  ignore line: [COLLECT_GCC_OPTIONS='-mcmodel=medany' '-v' '-o' 'cmTC_b63a0' '-march=rv64imafc' '-mabi=lp64f']
  link line: [ /home/kelee/Desktop/KendryteIDE/LocalPackage/toolchain/bin/../libexec/gcc/riscv64-unknown-elf/8.2.0/collect2 --sysroot=/home/kelee/Desktop/KendryteIDE/LocalPackage/toolchain/bin/../riscv64-unknown-elf -melf64lriscv -o cmTC_b63a0 /home/kelee/Desktop/KendryteIDE/LocalPackage/toolchain/bin/../lib/gcc/riscv64-unknown-elf/8.2.0/../../../../riscv64-unknown-elf/lib/crt0.o /home/kelee/Desktop/KendryteIDE/LocalPackage/toolchain/bin/../lib/gcc/riscv64-unknown-elf/8.2.0/crtbegin.o -L/home/kelee/Desktop/KendryteIDE/LocalPackage/toolchain/bin/../lib/gcc/riscv64-unknown-elf/8.2.0 -L/home/kelee/Desktop/KendryteIDE/LocalPackage/toolchain/bin/../lib/gcc -L/home/kelee/Desktop/KendryteIDE/LocalPackage/toolchain/bin/../lib/gcc/riscv64-unknown-elf/8.2.0/../../../../riscv64-unknown-elf/lib -L/home/kelee/Desktop/KendryteIDE/LocalPackage/toolchain/bin/../riscv64-unknown-elf/lib CMakeFiles/cmTC_b63a0.dir/CMakeCXXCompilerABI.cpp.obj -lstdc++ -lm -lgcc --start-group -lc -lgloss --end-group -lgcc /home/kelee/Desktop/KendryteIDE/LocalPackage/toolchain/bin/../lib/gcc/riscv64-unknown-elf/8.2.0/crtend.o]
    arg [/home/kelee/Desktop/KendryteIDE/LocalPackage/toolchain/bin/../libexec/gcc/riscv64-unknown-elf/8.2.0/collect2] ==> ignore
    arg [--sysroot=/home/kelee/Desktop/KendryteIDE/LocalPackage/toolchain/bin/../riscv64-unknown-elf] ==> ignore
    arg [-melf64lriscv] ==> ignore
    arg [-o] ==> ignore
    arg [cmTC_b63a0] ==> ignore
    arg [/home/kelee/Desktop/KendryteIDE/LocalPackage/toolchain/bin/../lib/gcc/riscv64-unknown-elf/8.2.0/../../../../riscv64-unknown-elf/lib/crt0.o] ==> ignore
    arg [/home/kelee/Desktop/KendryteIDE/LocalPackage/toolchain/bin/../lib/gcc/riscv64-unknown-elf/8.2.0/crtbegin.o] ==> ignore
    arg [-L/home/kelee/Desktop/KendryteIDE/LocalPackage/toolchain/bin/../lib/gcc/riscv64-unknown-elf/8.2.0] ==> dir [/home/kelee/Desktop/KendryteIDE/LocalPackage/toolchain/bin/../lib/gcc/riscv64-unknown-elf/8.2.0]
    arg [-L/home/kelee/Desktop/KendryteIDE/LocalPackage/toolchain/bin/../lib/gcc] ==> dir [/home/kelee/Desktop/KendryteIDE/LocalPackage/toolchain/bin/../lib/gcc]
    arg [-L/home/kelee/Desktop/KendryteIDE/LocalPackage/toolchain/bin/../lib/gcc/riscv64-unknown-elf/8.2.0/../../../../riscv64-unknown-elf/lib] ==> dir [/home/kelee/Desktop/KendryteIDE/LocalPackage/toolchain/bin/../lib/gcc/riscv64-unknown-elf/8.2.0/../../../../riscv64-unknown-elf/lib]
    arg [-L/home/kelee/Desktop/KendryteIDE/LocalPackage/toolchain/bin/../riscv64-unknown-elf/lib] ==> dir [/home/kelee/Desktop/KendryteIDE/LocalPackage/toolchain/bin/../riscv64-unknown-elf/lib]
    arg [CMakeFiles/cmTC_b63a0.dir/CMakeCXXCompilerABI.cpp.obj] ==> ignore
    arg [-lstdc++] ==> lib [stdc++]
    arg [-lm] ==> lib [m]
    arg [-lgcc] ==> lib [gcc]
    arg [--start-group] ==> ignore
    arg [-lc] ==> lib [c]
    arg [-lgloss] ==> lib [gloss]
    arg [--end-group] ==> ignore
    arg [-lgcc] ==> lib [gcc]
    arg [/home/kelee/Desktop/KendryteIDE/LocalPackage/toolchain/bin/../lib/gcc/riscv64-unknown-elf/8.2.0/crtend.o] ==> ignore
  collapse library dir [/home/kelee/Desktop/KendryteIDE/LocalPackage/toolchain/bin/../lib/gcc/riscv64-unknown-elf/8.2.0] ==> [/home/kelee/Desktop/KendryteIDE/LocalPackage/toolchain/lib/gcc/riscv64-unknown-elf/8.2.0]
  collapse library dir [/home/kelee/Desktop/KendryteIDE/LocalPackage/toolchain/bin/../lib/gcc] ==> [/home/kelee/Desktop/KendryteIDE/LocalPackage/toolchain/lib/gcc]
  collapse library dir [/home/kelee/Desktop/KendryteIDE/LocalPackage/toolchain/bin/../lib/gcc/riscv64-unknown-elf/8.2.0/../../../../riscv64-unknown-elf/lib] ==> [/home/kelee/Desktop/KendryteIDE/LocalPackage/toolchain/riscv64-unknown-elf/lib]
  collapse library dir [/home/kelee/Desktop/KendryteIDE/LocalPackage/toolchain/bin/../riscv64-unknown-elf/lib] ==> [/home/kelee/Desktop/KendryteIDE/LocalPackage/toolchain/riscv64-unknown-elf/lib]
  implicit libs: [stdc++;m;gcc;c;gloss;gcc]
  implicit dirs: [/home/kelee/Desktop/KendryteIDE/LocalPackage/toolchain/lib/gcc/riscv64-unknown-elf/8.2.0;/home/kelee/Desktop/KendryteIDE/LocalPackage/toolchain/lib/gcc;/home/kelee/Desktop/KendryteIDE/LocalPackage/toolchain/riscv64-unknown-elf/lib]
  implicit fwks: []




Detecting CXX [-std=c++2a] compiler features compiled with the following output:
Change Dir: /home/kelee/Desktop/k210-example/build/CMakeFiles/CMakeTmp

Run Build Command:"/home/kelee/Desktop/KendryteIDE/LocalPackage/toolchain/bin/make" "cmTC_7466e/fast"
/home/kelee/Desktop/KendryteIDE/LocalPackage/toolchain/bin/make -f CMakeFiles/cmTC_7466e.dir/build.make CMakeFiles/cmTC_7466e.dir/build
make[1]: Entering directory '/home/kelee/Desktop/k210-example/build/CMakeFiles/CMakeTmp'
Building CXX object CMakeFiles/cmTC_7466e.dir/feature_tests.cxx.obj
/home/kelee/Desktop/KendryteIDE/LocalPackage/toolchain/bin/riscv64-unknown-elf-g++    -mcmodel=medany    -std=c++2a -o CMakeFiles/cmTC_7466e.dir/feature_tests.cxx.obj -c /home/kelee/Desktop/k210-example/build/CMakeFiles/feature_tests.cxx
Linking CXX executable cmTC_7466e
/home/kelee/Desktop/KendryteIDE/LocalPackage/cmake/bin/cmake -E cmake_link_script CMakeFiles/cmTC_7466e.dir/link.txt --verbose=1
/home/kelee/Desktop/KendryteIDE/LocalPackage/toolchain/bin/riscv64-unknown-elf-g++   -mcmodel=medany     CMakeFiles/cmTC_7466e.dir/feature_tests.cxx.obj  -o cmTC_7466e 
/home/kelee/Desktop/KendryteIDE/LocalPackage/toolchain/bin/../lib/gcc/riscv64-unknown-elf/8.2.0/../../../../riscv64-unknown-elf/bin/ld: warning: cannot find entry symbol _start; defaulting to 00000000000100b0
make[1]: Leaving directory '/home/kelee/Desktop/k210-example/build/CMakeFiles/CMakeTmp'


    Feature record: CXX_FEATURE:1cxx_aggregate_default_initializers
    Feature record: CXX_FEATURE:1cxx_alias_templates
    Feature record: CXX_FEATURE:1cxx_alignas
    Feature record: CXX_FEATURE:1cxx_alignof
    Feature record: CXX_FEATURE:1cxx_attributes
    Feature record: CXX_FEATURE:1cxx_attribute_deprecated
    Feature record: CXX_FEATURE:1cxx_auto_type
    Feature record: CXX_FEATURE:1cxx_binary_literals
    Feature record: CXX_FEATURE:1cxx_constexpr
    Feature record: CXX_FEATURE:1cxx_contextual_conversions
    Feature record: CXX_FEATURE:1cxx_decltype
    Feature record: CXX_FEATURE:1cxx_decltype_auto
    Feature record: CXX_FEATURE:1cxx_decltype_incomplete_return_types
    Feature record: CXX_FEATURE:1cxx_default_function_template_args
    Feature record: CXX_FEATURE:1cxx_defaulted_functions
    Feature record: CXX_FEATURE:1cxx_defaulted_move_initializers
    Feature record: CXX_FEATURE:1cxx_delegating_constructors
    Feature record: CXX_FEATURE:1cxx_deleted_functions
    Feature record: CXX_FEATURE:1cxx_digit_separators
    Feature record: CXX_FEATURE:1cxx_enum_forward_declarations
    Feature record: CXX_FEATURE:1cxx_explicit_conversions
    Feature record: CXX_FEATURE:1cxx_extended_friend_declarations
    Feature record: CXX_FEATURE:1cxx_extern_templates
    Feature record: CXX_FEATURE:1cxx_final
    Feature record: CXX_FEATURE:1cxx_func_identifier
    Feature record: CXX_FEATURE:1cxx_generalized_initializers
    Feature record: CXX_FEATURE:1cxx_generic_lambdas
    Feature record: CXX_FEATURE:1cxx_inheriting_constructors
    Feature record: CXX_FEATURE:1cxx_inline_namespaces
    Feature record: CXX_FEATURE:1cxx_lambdas
    Feature record: CXX_FEATURE:1cxx_lambda_init_captures
    Feature record: CXX_FEATURE:1cxx_local_type_template_args
    Feature record: CXX_FEATURE:1cxx_long_long_type
    Feature record: CXX_FEATURE:1cxx_noexcept
    Feature record: CXX_FEATURE:1cxx_nonstatic_member_init
    Feature record: CXX_FEATURE:1cxx_nullptr
    Feature record: CXX_FEATURE:1cxx_override
    Feature record: CXX_FEATURE:1cxx_range_for
    Feature record: CXX_FEATURE:1cxx_raw_string_literals
    Feature record: CXX_FEATURE:1cxx_reference_qualified_functions
    Feature record: CXX_FEATURE:1cxx_relaxed_constexpr
    Feature record: CXX_FEATURE:1cxx_return_type_deduction
    Feature record: CXX_FEATURE:1cxx_right_angle_brackets
    Feature record: CXX_FEATURE:1cxx_rvalue_references
    Feature record: CXX_FEATURE:1cxx_sizeof_member
    Feature record: CXX_FEATURE:1cxx_static_assert
    Feature record: CXX_FEATURE:1cxx_strong_enums
    Feature record: CXX_FEATURE:1cxx_template_template_parameters
    Feature record: CXX_FEATURE:1cxx_thread_local
    Feature record: CXX_FEATURE:1cxx_trailing_return_types
    Feature record: CXX_FEATURE:1cxx_unicode_literals
    Feature record: CXX_FEATURE:1cxx_uniform_initialization
    Feature record: CXX_FEATURE:1cxx_unrestricted_unions
    Feature record: CXX_FEATURE:1cxx_user_literals
    Feature record: CXX_FEATURE:1cxx_variable_templates
    Feature record: CXX_FEATURE:1cxx_variadic_macros
    Feature record: CXX_FEATURE:1cxx_variadic_templates


Detecting CXX [-std=c++17] compiler features compiled with the following output:
Change Dir: /home/kelee/Desktop/k210-example/build/CMakeFiles/CMakeTmp

Run Build Command:"/home/kelee/Desktop/KendryteIDE/LocalPackage/toolchain/bin/make" "cmTC_12872/fast"
/home/kelee/Desktop/KendryteIDE/LocalPackage/toolchain/bin/make -f CMakeFiles/cmTC_12872.dir/build.make CMakeFiles/cmTC_12872.dir/build
make[1]: Entering directory '/home/kelee/Desktop/k210-example/build/CMakeFiles/CMakeTmp'
Building CXX object CMakeFiles/cmTC_12872.dir/feature_tests.cxx.obj
/home/kelee/Desktop/KendryteIDE/LocalPackage/toolchain/bin/riscv64-unknown-elf-g++    -mcmodel=medany    -std=c++17 -o CMakeFiles/cmTC_12872.dir/feature_tests.cxx.obj -c /home/kelee/Desktop/k210-example/build/CMakeFiles/feature_tests.cxx
Linking CXX executable cmTC_12872
/home/kelee/Desktop/KendryteIDE/LocalPackage/cmake/bin/cmake -E cmake_link_script CMakeFiles/cmTC_12872.dir/link.txt --verbose=1
/home/kelee/Desktop/KendryteIDE/LocalPackage/toolchain/bin/riscv64-unknown-elf-g++   -mcmodel=medany     CMakeFiles/cmTC_12872.dir/feature_tests.cxx.obj  -o cmTC_12872 
/home/kelee/Desktop/KendryteIDE/LocalPackage/toolchain/bin/../lib/gcc/riscv64-unknown-elf/8.2.0/../../../../riscv64-unknown-elf/bin/ld: warning: cannot find entry symbol _start; defaulting to 00000000000100b0
make[1]: Leaving directory '/home/kelee/Desktop/k210-example/build/CMakeFiles/CMakeTmp'


    Feature record: CXX_FEATURE:1cxx_aggregate_default_initializers
    Feature record: CXX_FEATURE:1cxx_alias_templates
    Feature record: CXX_FEATURE:1cxx_alignas
    Feature record: CXX_FEATURE:1cxx_alignof
    Feature record: CXX_FEATURE:1cxx_attributes
    Feature record: CXX_FEATURE:1cxx_attribute_deprecated
    Feature record: CXX_FEATURE:1cxx_auto_type
    Feature record: CXX_FEATURE:1cxx_binary_literals
    Feature record: CXX_FEATURE:1cxx_constexpr
    Feature record: CXX_FEATURE:1cxx_contextual_conversions
    Feature record: CXX_FEATURE:1cxx_decltype
    Feature record: CXX_FEATURE:1cxx_decltype_auto
    Feature record: CXX_FEATURE:1cxx_decltype_incomplete_return_types
    Feature record: CXX_FEATURE:1cxx_default_function_template_args
    Feature record: CXX_FEATURE:1cxx_defaulted_functions
    Feature record: CXX_FEATURE:1cxx_defaulted_move_initializers
    Feature record: CXX_FEATURE:1cxx_delegating_constructors
    Feature record: CXX_FEATURE:1cxx_deleted_functions
    Feature record: CXX_FEATURE:1cxx_digit_separators
    Feature record: CXX_FEATURE:1cxx_enum_forward_declarations
    Feature record: CXX_FEATURE:1cxx_explicit_conversions
    Feature record: CXX_FEATURE:1cxx_extended_friend_declarations
    Feature record: CXX_FEATURE:1cxx_extern_templates
    Feature record: CXX_FEATURE:1cxx_final
    Feature record: CXX_FEATURE:1cxx_func_identifier
    Feature record: CXX_FEATURE:1cxx_generalized_initializers
    Feature record: CXX_FEATURE:1cxx_generic_lambdas
    Feature record: CXX_FEATURE:1cxx_inheriting_constructors
    Feature record: CXX_FEATURE:1cxx_inline_namespaces
    Feature record: CXX_FEATURE:1cxx_lambdas
    Feature record: CXX_FEATURE:1cxx_lambda_init_captures
    Feature record: CXX_FEATURE:1cxx_local_type_template_args
    Feature record: CXX_FEATURE:1cxx_long_long_type
    Feature record: CXX_FEATURE:1cxx_noexcept
    Feature record: CXX_FEATURE:1cxx_nonstatic_member_init
    Feature record: CXX_FEATURE:1cxx_nullptr
    Feature record: CXX_FEATURE:1cxx_override
    Feature record: CXX_FEATURE:1cxx_range_for
    Feature record: CXX_FEATURE:1cxx_raw_string_literals
    Feature record: CXX_FEATURE:1cxx_reference_qualified_functions
    Feature record: CXX_FEATURE:1cxx_relaxed_constexpr
    Feature record: CXX_FEATURE:1cxx_return_type_deduction
    Feature record: CXX_FEATURE:1cxx_right_angle_brackets
    Feature record: CXX_FEATURE:1cxx_rvalue_references
    Feature record: CXX_FEATURE:1cxx_sizeof_member
    Feature record: CXX_FEATURE:1cxx_static_assert
    Feature record: CXX_FEATURE:1cxx_strong_enums
    Feature record: CXX_FEATURE:1cxx_template_template_parameters
    Feature record: CXX_FEATURE:1cxx_thread_local
    Feature record: CXX_FEATURE:1cxx_trailing_return_types
    Feature record: CXX_FEATURE:1cxx_unicode_literals
    Feature record: CXX_FEATURE:1cxx_uniform_initialization
    Feature record: CXX_FEATURE:1cxx_unrestricted_unions
    Feature record: CXX_FEATURE:1cxx_user_literals
    Feature record: CXX_FEATURE:1cxx_variable_templates
    Feature record: CXX_FEATURE:1cxx_variadic_macros
    Feature record: CXX_FEATURE:1cxx_variadic_templates


Detecting CXX [-std=c++14] compiler features compiled with the following output:
Change Dir: /home/kelee/Desktop/k210-example/build/CMakeFiles/CMakeTmp

Run Build Command:"/home/kelee/Desktop/KendryteIDE/LocalPackage/toolchain/bin/make" "cmTC_da291/fast"
/home/kelee/Desktop/KendryteIDE/LocalPackage/toolchain/bin/make -f CMakeFiles/cmTC_da291.dir/build.make CMakeFiles/cmTC_da291.dir/build
make[1]: Entering directory '/home/kelee/Desktop/k210-example/build/CMakeFiles/CMakeTmp'
Building CXX object CMakeFiles/cmTC_da291.dir/feature_tests.cxx.obj
/home/kelee/Desktop/KendryteIDE/LocalPackage/toolchain/bin/riscv64-unknown-elf-g++    -mcmodel=medany    -std=c++14 -o CMakeFiles/cmTC_da291.dir/feature_tests.cxx.obj -c /home/kelee/Desktop/k210-example/build/CMakeFiles/feature_tests.cxx
Linking CXX executable cmTC_da291
/home/kelee/Desktop/KendryteIDE/LocalPackage/cmake/bin/cmake -E cmake_link_script CMakeFiles/cmTC_da291.dir/link.txt --verbose=1
/home/kelee/Desktop/KendryteIDE/LocalPackage/toolchain/bin/riscv64-unknown-elf-g++   -mcmodel=medany     CMakeFiles/cmTC_da291.dir/feature_tests.cxx.obj  -o cmTC_da291 
/home/kelee/Desktop/KendryteIDE/LocalPackage/toolchain/bin/../lib/gcc/riscv64-unknown-elf/8.2.0/../../../../riscv64-unknown-elf/bin/ld: warning: cannot find entry symbol _start; defaulting to 00000000000100b0
make[1]: Leaving directory '/home/kelee/Desktop/k210-example/build/CMakeFiles/CMakeTmp'


    Feature record: CXX_FEATURE:1cxx_aggregate_default_initializers
    Feature record: CXX_FEATURE:1cxx_alias_templates
    Feature record: CXX_FEATURE:1cxx_alignas
    Feature record: CXX_FEATURE:1cxx_alignof
    Feature record: CXX_FEATURE:1cxx_attributes
    Feature record: CXX_FEATURE:1cxx_attribute_deprecated
    Feature record: CXX_FEATURE:1cxx_auto_type
    Feature record: CXX_FEATURE:1cxx_binary_literals
    Feature record: CXX_FEATURE:1cxx_constexpr
    Feature record: CXX_FEATURE:1cxx_contextual_conversions
    Feature record: CXX_FEATURE:1cxx_decltype
    Feature record: CXX_FEATURE:1cxx_decltype_auto
    Feature record: CXX_FEATURE:1cxx_decltype_incomplete_return_types
    Feature record: CXX_FEATURE:1cxx_default_function_template_args
    Feature record: CXX_FEATURE:1cxx_defaulted_functions
    Feature record: CXX_FEATURE:1cxx_defaulted_move_initializers
    Feature record: CXX_FEATURE:1cxx_delegating_constructors
    Feature record: CXX_FEATURE:1cxx_deleted_functions
    Feature record: CXX_FEATURE:1cxx_digit_separators
    Feature record: CXX_FEATURE:1cxx_enum_forward_declarations
    Feature record: CXX_FEATURE:1cxx_explicit_conversions
    Feature record: CXX_FEATURE:1cxx_extended_friend_declarations
    Feature record: CXX_FEATURE:1cxx_extern_templates
    Feature record: CXX_FEATURE:1cxx_final
    Feature record: CXX_FEATURE:1cxx_func_identifier
    Feature record: CXX_FEATURE:1cxx_generalized_initializers
    Feature record: CXX_FEATURE:1cxx_generic_lambdas
    Feature record: CXX_FEATURE:1cxx_inheriting_constructors
    Feature record: CXX_FEATURE:1cxx_inline_namespaces
    Feature record: CXX_FEATURE:1cxx_lambdas
    Feature record: CXX_FEATURE:1cxx_lambda_init_captures
    Feature record: CXX_FEATURE:1cxx_local_type_template_args
    Feature record: CXX_FEATURE:1cxx_long_long_type
    Feature record: CXX_FEATURE:1cxx_noexcept
    Feature record: CXX_FEATURE:1cxx_nonstatic_member_init
    Feature record: CXX_FEATURE:1cxx_nullptr
    Feature record: CXX_FEATURE:1cxx_override
    Feature record: CXX_FEATURE:1cxx_range_for
    Feature record: CXX_FEATURE:1cxx_raw_string_literals
    Feature record: CXX_FEATURE:1cxx_reference_qualified_functions
    Feature record: CXX_FEATURE:1cxx_relaxed_constexpr
    Feature record: CXX_FEATURE:1cxx_return_type_deduction
    Feature record: CXX_FEATURE:1cxx_right_angle_brackets
    Feature record: CXX_FEATURE:1cxx_rvalue_references
    Feature record: CXX_FEATURE:1cxx_sizeof_member
    Feature record: CXX_FEATURE:1cxx_static_assert
    Feature record: CXX_FEATURE:1cxx_strong_enums
    Feature record: CXX_FEATURE:1cxx_template_template_parameters
    Feature record: CXX_FEATURE:1cxx_thread_local
    Feature record: CXX_FEATURE:1cxx_trailing_return_types
    Feature record: CXX_FEATURE:1cxx_unicode_literals
    Feature record: CXX_FEATURE:1cxx_uniform_initialization
    Feature record: CXX_FEATURE:1cxx_unrestricted_unions
    Feature record: CXX_FEATURE:1cxx_user_literals
    Feature record: CXX_FEATURE:1cxx_variable_templates
    Feature record: CXX_FEATURE:1cxx_variadic_macros
    Feature record: CXX_FEATURE:1cxx_variadic_templates


Detecting CXX [-std=c++11] compiler features compiled with the following output:
Change Dir: /home/kelee/Desktop/k210-example/build/CMakeFiles/CMakeTmp

Run Build Command:"/home/kelee/Desktop/KendryteIDE/LocalPackage/toolchain/bin/make" "cmTC_ce379/fast"
/home/kelee/Desktop/KendryteIDE/LocalPackage/toolchain/bin/make -f CMakeFiles/cmTC_ce379.dir/build.make CMakeFiles/cmTC_ce379.dir/build
make[1]: Entering directory '/home/kelee/Desktop/k210-example/build/CMakeFiles/CMakeTmp'
Building CXX object CMakeFiles/cmTC_ce379.dir/feature_tests.cxx.obj
/home/kelee/Desktop/KendryteIDE/LocalPackage/toolchain/bin/riscv64-unknown-elf-g++    -mcmodel=medany    -std=c++11 -o CMakeFiles/cmTC_ce379.dir/feature_tests.cxx.obj -c /home/kelee/Desktop/k210-example/build/CMakeFiles/feature_tests.cxx
Linking CXX executable cmTC_ce379
/home/kelee/Desktop/KendryteIDE/LocalPackage/cmake/bin/cmake -E cmake_link_script CMakeFiles/cmTC_ce379.dir/link.txt --verbose=1
/home/kelee/Desktop/KendryteIDE/LocalPackage/toolchain/bin/riscv64-unknown-elf-g++   -mcmodel=medany     CMakeFiles/cmTC_ce379.dir/feature_tests.cxx.obj  -o cmTC_ce379 
/home/kelee/Desktop/KendryteIDE/LocalPackage/toolchain/bin/../lib/gcc/riscv64-unknown-elf/8.2.0/../../../../riscv64-unknown-elf/bin/ld: warning: cannot find entry symbol _start; defaulting to 00000000000100b0
make[1]: Leaving directory '/home/kelee/Desktop/k210-example/build/CMakeFiles/CMakeTmp'


    Feature record: CXX_FEATURE:0cxx_aggregate_default_initializers
    Feature record: CXX_FEATURE:1cxx_alias_templates
    Feature record: CXX_FEATURE:1cxx_alignas
    Feature record: CXX_FEATURE:1cxx_alignof
    Feature record: CXX_FEATURE:1cxx_attributes
    Feature record: CXX_FEATURE:0cxx_attribute_deprecated
    Feature record: CXX_FEATURE:1cxx_auto_type
    Feature record: CXX_FEATURE:0cxx_binary_literals
    Feature record: CXX_FEATURE:1cxx_constexpr
    Feature record: CXX_FEATURE:0cxx_contextual_conversions
    Feature record: CXX_FEATURE:1cxx_decltype
    Feature record: CXX_FEATURE:0cxx_decltype_auto
    Feature record: CXX_FEATURE:1cxx_decltype_incomplete_return_types
    Feature record: CXX_FEATURE:1cxx_default_function_template_args
    Feature record: CXX_FEATURE:1cxx_defaulted_functions
    Feature record: CXX_FEATURE:1cxx_defaulted_move_initializers
    Feature record: CXX_FEATURE:1cxx_delegating_constructors
    Feature record: CXX_FEATURE:1cxx_deleted_functions
    Feature record: CXX_FEATURE:0cxx_digit_separators
    Feature record: CXX_FEATURE:1cxx_enum_forward_declarations
    Feature record: CXX_FEATURE:1cxx_explicit_conversions
    Feature record: CXX_FEATURE:1cxx_extended_friend_declarations
    Feature record: CXX_FEATURE:1cxx_extern_templates
    Feature record: CXX_FEATURE:1cxx_final
    Feature record: CXX_FEATURE:1cxx_func_identifier
    Feature record: CXX_FEATURE:1cxx_generalized_initializers
    Feature record: CXX_FEATURE:0cxx_generic_lambdas
    Feature record: CXX_FEATURE:1cxx_inheriting_constructors
    Feature record: CXX_FEATURE:1cxx_inline_namespaces
    Feature record: CXX_FEATURE:1cxx_lambdas
    Feature record: CXX_FEATURE:0cxx_lambda_init_captures
    Feature record: CXX_FEATURE:1cxx_local_type_template_args
    Feature record: CXX_FEATURE:1cxx_long_long_type
    Feature record: CXX_FEATURE:1cxx_noexcept
    Feature record: CXX_FEATURE:1cxx_nonstatic_member_init
    Feature record: CXX_FEATURE:1cxx_nullptr
    Feature record: CXX_FEATURE:1cxx_override
    Feature record: CXX_FEATURE:1cxx_range_for
    Feature record: CXX_FEATURE:1cxx_raw_string_literals
    Feature record: CXX_FEATURE:1cxx_reference_qualified_functions
    Feature record: CXX_FEATURE:0cxx_relaxed_constexpr
    Feature record: CXX_FEATURE:0cxx_return_type_deduction
    Feature record: CXX_FEATURE:1cxx_right_angle_brackets
    Feature record: CXX_FEATURE:1cxx_rvalue_references
    Feature record: CXX_FEATURE:1cxx_sizeof_member
    Feature record: CXX_FEATURE:1cxx_static_assert
    Feature record: CXX_FEATURE:1cxx_strong_enums
    Feature record: CXX_FEATURE:1cxx_template_template_parameters
    Feature record: CXX_FEATURE:1cxx_thread_local
    Feature record: CXX_FEATURE:1cxx_trailing_return_types
    Feature record: CXX_FEATURE:1cxx_unicode_literals
    Feature record: CXX_FEATURE:1cxx_uniform_initialization
    Feature record: CXX_FEATURE:1cxx_unrestricted_unions
    Feature record: CXX_FEATURE:1cxx_user_literals
    Feature record: CXX_FEATURE:0cxx_variable_templates
    Feature record: CXX_FEATURE:1cxx_variadic_macros
    Feature record: CXX_FEATURE:1cxx_variadic_templates


Detecting CXX [-std=c++98] compiler features compiled with the following output:
Change Dir: /home/kelee/Desktop/k210-example/build/CMakeFiles/CMakeTmp

Run Build Command:"/home/kelee/Desktop/KendryteIDE/LocalPackage/toolchain/bin/make" "cmTC_8fd57/fast"
/home/kelee/Desktop/KendryteIDE/LocalPackage/toolchain/bin/make -f CMakeFiles/cmTC_8fd57.dir/build.make CMakeFiles/cmTC_8fd57.dir/build
make[1]: Entering directory '/home/kelee/Desktop/k210-example/build/CMakeFiles/CMakeTmp'
Building CXX object CMakeFiles/cmTC_8fd57.dir/feature_tests.cxx.obj
/home/kelee/Desktop/KendryteIDE/LocalPackage/toolchain/bin/riscv64-unknown-elf-g++    -mcmodel=medany    -std=c++98 -o CMakeFiles/cmTC_8fd57.dir/feature_tests.cxx.obj -c /home/kelee/Desktop/k210-example/build/CMakeFiles/feature_tests.cxx
Linking CXX executable cmTC_8fd57
/home/kelee/Desktop/KendryteIDE/LocalPackage/cmake/bin/cmake -E cmake_link_script CMakeFiles/cmTC_8fd57.dir/link.txt --verbose=1
/home/kelee/Desktop/KendryteIDE/LocalPackage/toolchain/bin/riscv64-unknown-elf-g++   -mcmodel=medany     CMakeFiles/cmTC_8fd57.dir/feature_tests.cxx.obj  -o cmTC_8fd57 
/home/kelee/Desktop/KendryteIDE/LocalPackage/toolchain/bin/../lib/gcc/riscv64-unknown-elf/8.2.0/../../../../riscv64-unknown-elf/bin/ld: warning: cannot find entry symbol _start; defaulting to 00000000000100b0
make[1]: Leaving directory '/home/kelee/Desktop/k210-example/build/CMakeFiles/CMakeTmp'


    Feature record: CXX_FEATURE:0cxx_aggregate_default_initializers
    Feature record: CXX_FEATURE:0cxx_alias_templates
    Feature record: CXX_FEATURE:0cxx_alignas
    Feature record: CXX_FEATURE:0cxx_alignof
    Feature record: CXX_FEATURE:0cxx_attributes
    Feature record: CXX_FEATURE:0cxx_attribute_deprecated
    Feature record: CXX_FEATURE:0cxx_auto_type
    Feature record: CXX_FEATURE:0cxx_binary_literals
    Feature record: CXX_FEATURE:0cxx_constexpr
    Feature record: CXX_FEATURE:0cxx_contextual_conversions
    Feature record: CXX_FEATURE:0cxx_decltype
    Feature record: CXX_FEATURE:0cxx_decltype_auto
    Feature record: CXX_FEATURE:0cxx_decltype_incomplete_return_types
    Feature record: CXX_FEATURE:0cxx_default_function_template_args
    Feature record: CXX_FEATURE:0cxx_defaulted_functions
    Feature record: CXX_FEATURE:0cxx_defaulted_move_initializers
    Feature record: CXX_FEATURE:0cxx_delegating_constructors
    Feature record: CXX_FEATURE:0cxx_deleted_functions
    Feature record: CXX_FEATURE:0cxx_digit_separators
    Feature record: CXX_FEATURE:0cxx_enum_forward_declarations
    Feature record: CXX_FEATURE:0cxx_explicit_conversions
    Feature record: CXX_FEATURE:0cxx_extended_friend_declarations
    Feature record: CXX_FEATURE:0cxx_extern_templates
    Feature record: CXX_FEATURE:0cxx_final
    Feature record: CXX_FEATURE:0cxx_func_identifier
    Feature record: CXX_FEATURE:0cxx_generalized_initializers
    Feature record: CXX_FEATURE:0cxx_generic_lambdas
    Feature record: CXX_FEATURE:0cxx_inheriting_constructors
    Feature record: CXX_FEATURE:0cxx_inline_namespaces
    Feature record: CXX_FEATURE:0cxx_lambdas
    Feature record: CXX_FEATURE:0cxx_lambda_init_captures
    Feature record: CXX_FEATURE:0cxx_local_type_template_args
    Feature record: CXX_FEATURE:0cxx_long_long_type
    Feature record: CXX_FEATURE:0cxx_noexcept
    Feature record: CXX_FEATURE:0cxx_nonstatic_member_init
    Feature record: CXX_FEATURE:0cxx_nullptr
    Feature record: CXX_FEATURE:0cxx_override
    Feature record: CXX_FEATURE:0cxx_range_for
    Feature record: CXX_FEATURE:0cxx_raw_string_literals
    Feature record: CXX_FEATURE:0cxx_reference_qualified_functions
    Feature record: CXX_FEATURE:0cxx_relaxed_constexpr
    Feature record: CXX_FEATURE:0cxx_return_type_deduction
    Feature record: CXX_FEATURE:0cxx_right_angle_brackets
    Feature record: CXX_FEATURE:0cxx_rvalue_references
    Feature record: CXX_FEATURE:0cxx_sizeof_member
    Feature record: CXX_FEATURE:0cxx_static_assert
    Feature record: CXX_FEATURE:0cxx_strong_enums
    Feature record: CXX_FEATURE:1cxx_template_template_parameters
    Feature record: CXX_FEATURE:0cxx_thread_local
    Feature record: CXX_FEATURE:0cxx_trailing_return_types
    Feature record: CXX_FEATURE:0cxx_unicode_literals
    Feature record: CXX_FEATURE:0cxx_uniform_initialization
    Feature record: CXX_FEATURE:0cxx_unrestricted_unions
    Feature record: CXX_FEATURE:0cxx_user_literals
    Feature record: CXX_FEATURE:0cxx_variable_templates
    Feature record: CXX_FEATURE:0cxx_variadic_macros
    Feature record: CXX_FEATURE:0cxx_variadic_templates
